*** Starting uWSGI 2.0.18 (64bit) on [Wed Aug 21 15:20:30 2019] ***
compiled with version: 5.4.0 20160609 on 21 August 2019 07:19:58
os: Linux-4.4.0-159-generic #187-Ubuntu SMP Thu Aug 1 16:28:06 UTC 2019
nodename: tedu
machine: x86_64
clock source: unix
detected number of CPU cores: 4
current working directory: /home/tarena/1905/django_0/mysite6
writing pidfile to uwsgi.pid
detected binary path: /usr/local/bin/uwsgi
!!! no internal routing support, rebuild with pcre support !!!
uWSGI running as root, you can use --uid/--gid/--chroot options
*** WARNING: you are running uWSGI as root !!! (use the --uid flag) *** 
chdir() to /home/tarena/1905/django_0/mysite6
*** WARNING: you are running uWSGI without its master process manager ***
your processes number limit is 23629
your memory page size is 4096 bytes
detected max file descriptor number: 1024
lock engine: pthread robust mutexes
thunder lock: disabled (you can enable it with --thunder-lock)
uWSGI http bound on 127.0.0.1:8000 fd 4
spawned uWSGI http 1 (pid: 42983)
uwsgi socket 0 bound to TCP address 127.0.0.1:32986 (port auto-assigned) fd 3
uWSGI running as root, you can use --uid/--gid/--chroot options
*** WARNING: you are running uWSGI as root !!! (use the --uid flag) *** 
Python version: 3.5.2 (default, Nov 12 2018, 13:43:14)  [GCC 5.4.0 20160609]
Python main interpreter initialized at 0xe91ed0
uWSGI running as root, you can use --uid/--gid/--chroot options
*** WARNING: you are running uWSGI as root !!! (use the --uid flag) *** 
python threads support enabled
your server socket listen backlog is limited to 100 connections
your mercy for graceful operations on workers is 60 seconds
mapped 72904 bytes (71 KB) for 1 cores
*** Operational MODE: single process ***
WSGI app 0 (mountpoint='') ready in 1 seconds on interpreter 0xe91ed0 pid: 42982 (default app)
uWSGI running as root, you can use --uid/--gid/--chroot options
*** WARNING: you are running uWSGI as root !!! (use the --uid flag) *** 
*** uWSGI is running in multiple interpreter mode ***
spawned uWSGI worker 1 (and the only) (pid: 42982, cores: 1)
中间件 process_request方法被调用！
路由是： /
请求方式是： GET
[pid: 42982|app: 0|req: 1/1] 127.0.0.1 () {38 vars in 746 bytes} [Wed Aug 21 15:24:20 2019] GET / => generated 279 bytes in 249 msecs (HTTP/1.1 200) 4 headers in 123 bytes (1 switches on core 0)
中间件 process_request方法被调用！
路由是： /favicon.ico
请求方式是： GET
[pid: 42982|app: 0|req: 2/2] 127.0.0.1 () {38 vars in 725 bytes} [Wed Aug 21 15:24:20 2019] GET /favicon.ico => generated 85 bytes in 26 msecs (HTTP/1.1 404) 3 headers in 100 bytes (1 switches on core 0)
中间件 process_request方法被调用！
路由是： /note/
请求方式是： GET
./note/views.py:44: UnorderedObjectListWarning: Pagination may yield inconsistent results with an unordered object_list: <class 'note.models.Note'> QuerySet.
  paginator = Paginator(notes, 5)
[pid: 42982|app: 0|req: 3/3] 127.0.0.1 () {40 vars in 794 bytes} [Wed Aug 21 15:24:22 2019] GET /note/ => generated 2481 bytes in 370 msecs (HTTP/1.1 200) 4 headers in 124 bytes (1 switches on core 0)
中间件 process_request方法被调用！
路由是： /note/
请求方式是： GET
[pid: 42982|app: 0|req: 4/4] 127.0.0.1 () {40 vars in 812 bytes} [Wed Aug 21 15:24:23 2019] GET /note/?page=2 => generated 1416 bytes in 10 msecs (HTTP/1.1 200) 4 headers in 124 bytes (1 switches on core 0)
中间件 process_request方法被调用！
路由是： /note/
请求方式是： GET
[pid: 42982|app: 0|req: 5/5] 127.0.0.1 () {40 vars in 819 bytes} [Wed Aug 21 15:24:24 2019] GET /note/?page=1 => generated 2481 bytes in 12 msecs (HTTP/1.1 200) 4 headers in 124 bytes (1 switches on core 0)
